# JRE version: Java(TM) SE Runtime Environment (11.0+28) (build 11+28)
# Java VM: Java HotSpot(TM) 64-Bit Server VM (11+28, mixed mode, tiered, compressed oops, g1 gc, windows-amd64)
Heap:
 garbage-first heap   total 65536K, used 11550K [0x00000000fc000000, 0x0000000100000000)
  region size 1024K, 1 young (1024K), 1 survivors (1024K)
 Metaspace       used 15289K, capacity 15610K, committed 15744K, reserved 1071104K
  class space    used 1745K, capacity 1845K, committed 1920K, reserved 1048576K
GC Heap History (6 events):
Event: 30.140 GC heap before
{Heap before GC invocations=0 (full 0):
 garbage-first heap   total 65536K, used 27648K [0x00000000fc000000, 0x0000000100000000)
  region size 1024K, 24 young (24576K), 0 survivors (0K)
 Metaspace       used 10391K, capacity 10646K, committed 11008K, reserved 1058816K
  class space    used 1066K, capacity 1164K, committed 1280K, reserved 1048576K
}
Event: 30.159 GC heap after
{Heap after GC invocations=1 (full 0):
 garbage-first heap   total 65536K, used 10360K [0x00000000fc000000, 0x0000000100000000)
  region size 1024K, 3 young (3072K), 3 survivors (3072K)
 Metaspace       used 10391K, capacity 10646K, committed 11008K, reserved 1058816K
  class space    used 1066K, capacity 1164K, committed 1280K, reserved 1048576K
}
Event: 88.256 GC heap before
{Heap before GC invocations=1 (full 0):
 garbage-first heap   total 65536K, used 33912K [0x00000000fc000000, 0x0000000100000000)
  region size 1024K, 27 young (27648K), 3 survivors (3072K)
 Metaspace       used 15226K, capacity 15599K, committed 15744K, reserved 1062912K
  class space    used 1740K, capacity 1840K, committed 1920K, reserved 1048576K
}
Event: 88.567 GC heap after
{Heap after GC invocations=2 (full 0):
 garbage-first heap   total 65536K, used 11604K [0x00000000fc000000, 0x0000000100000000)
  region size 1024K, 2 young (2048K), 2 survivors (2048K)
 Metaspace       used 15226K, capacity 15599K, committed 15744K, reserved 1062912K
  class space    used 1740K, capacity 1840K, committed 1920K, reserved 1048576K
}
Event: 89.432 GC heap before
{Heap before GC invocations=2 (full 0):
 garbage-first heap   total 65536K, used 11604K [0x00000000fc000000, 0x0000000100000000)
  region size 1024K, 3 young (3072K), 2 survivors (2048K)
 Metaspace       used 15289K, capacity 15610K, committed 15744K, reserved 1069056K
  class space    used 1745K, capacity 1845K, committed 1920K, reserved 1048576K
}
Event: 89.435 GC heap after
{Heap after GC invocations=3 (full 0):
 garbage-first heap   total 65536K, used 11550K [0x00000000fc000000, 0x0000000100000000)
  region size 1024K, 1 young (1024K), 1 survivors (1024K)
 Metaspace       used 15289K, capacity 15610K, committed 15744K, reserved 1069056K
  class space    used 1745K, capacity 1845K, committed 1920K, reserved 1048576K
}

