# JRE version: Java(TM) SE Runtime Environment (11.0+28) (build 11+28)
# Java VM: Java HotSpot(TM) 64-Bit Server VM (11+28, mixed mode, tiered, compressed oops, g1 gc, windows-amd64)
Heap:
 garbage-first heap   total 260096K, used 75592K [0x0000000080000000, 0x0000000100000000)
  region size 1024K, 57 young (58368K), 3 survivors (3072K)
 Metaspace       used 31396K, capacity 32216K, committed 32432K, reserved 544768K
  class space    used 4193K, capacity 4498K, committed 4608K, reserved 516096K
GC Heap History (6 events):
Event: 6.782 GC heap before
{Heap before GC invocations=0 (full 0):
 garbage-first heap   total 260096K, used 27648K [0x0000000080000000, 0x0000000100000000)
  region size 1024K, 24 young (24576K), 0 survivors (0K)
 Metaspace       used 9975K, capacity 10205K, committed 10368K, reserved 526336K
  class space    used 1031K, capacity 1104K, committed 1152K, reserved 516096K
}
Event: 7.215 GC heap after
{Heap after GC invocations=1 (full 0):
 garbage-first heap   total 260096K, used 10768K [0x0000000080000000, 0x0000000100000000)
  region size 1024K, 3 young (3072K), 3 survivors (3072K)
 Metaspace       used 9975K, capacity 10205K, committed 10368K, reserved 526336K
  class space    used 1031K, capacity 1104K, committed 1152K, reserved 516096K
}
Event: 74.820 GC heap before
{Heap before GC invocations=1 (full 0):
 garbage-first heap   total 260096K, used 106000K [0x0000000080000000, 0x0000000100000000)
  region size 1024K, 97 young (99328K), 3 survivors (3072K)
 Metaspace       used 20783K, capacity 21241K, committed 21296K, reserved 536576K
  class space    used 2516K, capacity 2684K, committed 2688K, reserved 516096K
}
Event: 75.032 GC heap after
{Heap after GC invocations=2 (full 0):
 garbage-first heap   total 260096K, used 18541K [0x0000000080000000, 0x0000000100000000)
  region size 1024K, 11 young (11264K), 11 survivors (11264K)
 Metaspace       used 20783K, capacity 21241K, committed 21296K, reserved 536576K
  class space    used 2516K, capacity 2684K, committed 2688K, reserved 516096K
}
Event: 87.148 GC heap before
{Heap before GC invocations=3 (full 0):
 garbage-first heap   total 260096K, used 77933K [0x0000000080000000, 0x0000000100000000)
  region size 1024K, 69 young (70656K), 11 survivors (11264K)
 Metaspace       used 26467K, capacity 27120K, committed 27184K, reserved 540672K
  class space    used 3438K, capacity 3689K, committed 3712K, reserved 516096K
}
Event: 87.169 GC heap after
{Heap after GC invocations=4 (full 0):
 garbage-first heap   total 260096K, used 21320K [0x0000000080000000, 0x0000000100000000)
  region size 1024K, 3 young (3072K), 3 survivors (3072K)
 Metaspace       used 26467K, capacity 27120K, committed 27184K, reserved 540672K
  class space    used 3438K, capacity 3689K, committed 3712K, reserved 516096K
}

